<?xml version="1.0" encoding="UTF-8"?>
<!-- Generated by org.testng.reporters.JUnitReportReporter -->
<testsuite skipped="0" hostname="Sadias-Lappy" name="testCase.Post_CreateAProduct" tests="1" failures="0" timestamp="26 Jun 2021 18:00:53 GMT" time="1.837" errors="0">
  <testcase name="createAProduct" time="1.837" classname="testCase.Post_CreateAProduct"/>
</testsuite> <!-- testCase.Post_CreateAProduct -->
