<?xml version="1.0" encoding="UTF-8"?>
<!-- Generated by org.testng.reporters.JUnitReportReporter -->
<testsuite skipped="0" hostname="Sadias-Lappy" name="testCase.GET_ReadaProduct" tests="1" failures="0" timestamp="20 Jun 2021 17:15:47 GMT" time="1.668" errors="0">
  <testcase name="readaProducts" time="1.668" classname="testCase.GET_ReadaProduct"/>
</testsuite> <!-- testCase.GET_ReadaProduct -->
