<?xml version="1.0" encoding="UTF-8"?>
<!-- Generated by org.testng.reporters.JUnitReportReporter -->
<testsuite skipped="0" hostname="Sadias-Lappy" name="testCase.Del_DeleteAProduct2" tests="1" failures="0" timestamp="26 Jun 2021 18:17:17 GMT" time="1.768" errors="0">
  <testcase name="createAProduct" time="1.768" classname="testCase.Del_DeleteAProduct2"/>
</testsuite> <!-- testCase.Del_DeleteAProduct2 -->
