<?xml version="1.0" encoding="UTF-8"?>
<!-- Generated by org.testng.reporters.JUnitReportReporter -->
<testsuite skipped="0" hostname="Sadias-Lappy" name="testCase.Put_UpdateAProduct" tests="1" failures="0" timestamp="26 Jun 2021 18:16:39 GMT" time="1.655" errors="0">
  <testcase name="createAProduct" time="1.655" classname="testCase.Put_UpdateAProduct"/>
</testsuite> <!-- testCase.Put_UpdateAProduct -->
