<?xml version="1.0" encoding="UTF-8"?>
<!-- Generated by org.testng.reporters.JUnitReportReporter -->
<testsuite skipped="0" hostname="Sadias-Lappy" name="testCase.GET_ReadAllProducts" tests="1" failures="0" timestamp="20 Jun 2021 16:05:46 GMT" time="1.618" errors="0">
  <testcase name="readAllProducts" time="1.618" classname="testCase.GET_ReadAllProducts"/>
</testsuite> <!-- testCase.GET_ReadAllProducts -->
